<?xml version="1.0" encoding="utf-8"?><testsuites><testsuite name="pytest" errors="3" failures="0" skipped="0" tests="3" time="6.014" timestamp="2020-11-20T22:31:18.504603" hostname="XSA-20160602PCQ"><testcase classname="test_dir.test_baidu.TestSearch" name="test_baidu_search_1" time="4.961"><error message="failed on setup with &quot;file D:\pyautoTest\pyautoTest\test_dir\test_baidu.py, line 12&#10;      @data({&quot;search_key&quot;:&quot;selenium&quot;},{&quot;search_key&quot;:&quot;unittest&quot;},{&quot;search_key&quot;:&quot;parameterized&quot;})&#10;      @unpack&#10;      def test_baidu_search(self,browser,base_url,search_key):&#10;E       fixture 'search_key' not found&#10;&gt;       available fixtures: base_url, browser, browser_close, cache, capfd, capfdbinary, caplog, capsys, capsysbinary, doctest_namespace, extra, metadata, monkeypatch, pytestconfig, record_property, record_testsuite_property, record_xml_attribute, recwarn, tmp_path, tmp_path_factory, tmpdir, tmpdir_factory&#10;&gt;       use 'pytest --fixtures [testpath]' for help on them.&#10;&#10;D:\pyautoTest\pyautoTest\test_dir\test_baidu.py:12&quot;">file D:\pyautoTest\pyautoTest\test_dir\test_baidu.py, line 12
      @data({"search_key":"selenium"},{"search_key":"unittest"},{"search_key":"parameterized"})
      @unpack
      def test_baidu_search(self,browser,base_url,search_key):
E       fixture 'search_key' not found
&gt;       available fixtures: base_url, browser, browser_close, cache, capfd, capfdbinary, caplog, capsys, capsysbinary, doctest_namespace, extra, metadata, monkeypatch, pytestconfig, record_property, record_testsuite_property, record_xml_attribute, recwarn, tmp_path, tmp_path_factory, tmpdir, tmpdir_factory
&gt;       use 'pytest --fixtures [testpath]' for help on them.

D:\pyautoTest\pyautoTest\test_dir\test_baidu.py:12</error></testcase><testcase classname="test_dir.test_baidu.TestSearch" name="test_baidu_search_2" time="0.001"><error message="failed on setup with &quot;file D:\pyautoTest\pyautoTest\test_dir\test_baidu.py, line 12&#10;      @data({&quot;search_key&quot;:&quot;selenium&quot;},{&quot;search_key&quot;:&quot;unittest&quot;},{&quot;search_key&quot;:&quot;parameterized&quot;})&#10;      @unpack&#10;      def test_baidu_search(self,browser,base_url,search_key):&#10;E       fixture 'search_key' not found&#10;&gt;       available fixtures: base_url, browser, browser_close, cache, capfd, capfdbinary, caplog, capsys, capsysbinary, doctest_namespace, extra, metadata, monkeypatch, pytestconfig, record_property, record_testsuite_property, record_xml_attribute, recwarn, tmp_path, tmp_path_factory, tmpdir, tmpdir_factory&#10;&gt;       use 'pytest --fixtures [testpath]' for help on them.&#10;&#10;D:\pyautoTest\pyautoTest\test_dir\test_baidu.py:12&quot;">file D:\pyautoTest\pyautoTest\test_dir\test_baidu.py, line 12
      @data({"search_key":"selenium"},{"search_key":"unittest"},{"search_key":"parameterized"})
      @unpack
      def test_baidu_search(self,browser,base_url,search_key):
E       fixture 'search_key' not found
&gt;       available fixtures: base_url, browser, browser_close, cache, capfd, capfdbinary, caplog, capsys, capsysbinary, doctest_namespace, extra, metadata, monkeypatch, pytestconfig, record_property, record_testsuite_property, record_xml_attribute, recwarn, tmp_path, tmp_path_factory, tmpdir, tmpdir_factory
&gt;       use 'pytest --fixtures [testpath]' for help on them.

D:\pyautoTest\pyautoTest\test_dir\test_baidu.py:12</error></testcase><testcase classname="test_dir.test_baidu.TestSearch" name="test_baidu_search_3" time="0.758"><error message="failed on setup with &quot;file D:\pyautoTest\pyautoTest\test_dir\test_baidu.py, line 12&#10;      @data({&quot;search_key&quot;:&quot;selenium&quot;},{&quot;search_key&quot;:&quot;unittest&quot;},{&quot;search_key&quot;:&quot;parameterized&quot;})&#10;      @unpack&#10;      def test_baidu_search(self,browser,base_url,search_key):&#10;E       fixture 'search_key' not found&#10;&gt;       available fixtures: base_url, browser, browser_close, cache, capfd, capfdbinary, caplog, capsys, capsysbinary, doctest_namespace, extra, metadata, monkeypatch, pytestconfig, record_property, record_testsuite_property, record_xml_attribute, recwarn, tmp_path, tmp_path_factory, tmpdir, tmpdir_factory&#10;&gt;       use 'pytest --fixtures [testpath]' for help on them.&#10;&#10;D:\pyautoTest\pyautoTest\test_dir\test_baidu.py:12&quot;">file D:\pyautoTest\pyautoTest\test_dir\test_baidu.py, line 12
      @data({"search_key":"selenium"},{"search_key":"unittest"},{"search_key":"parameterized"})
      @unpack
      def test_baidu_search(self,browser,base_url,search_key):
E       fixture 'search_key' not found
&gt;       available fixtures: base_url, browser, browser_close, cache, capfd, capfdbinary, caplog, capsys, capsysbinary, doctest_namespace, extra, metadata, monkeypatch, pytestconfig, record_property, record_testsuite_property, record_xml_attribute, recwarn, tmp_path, tmp_path_factory, tmpdir, tmpdir_factory
&gt;       use 'pytest --fixtures [testpath]' for help on them.

D:\pyautoTest\pyautoTest\test_dir\test_baidu.py:12</error></testcase></testsuite></testsuites>