<?xml version="1.0" encoding="utf-8"?><testsuites><testsuite name="pytest" errors="3" failures="0" skipped="0" tests="3" time="6.003" timestamp="2020-11-20T22:29:07.802603" hostname="XSA-20160602PCQ"><testcase classname="test_dir.test_baidu.TestSearch" name="test_baidu_search_1___case1____selenium__" time="4.947"><error message="failed on setup with &quot;file D:\pyautoTest\pyautoTest\test_dir\test_baidu.py, line 13&#10;      @data([&quot;case1&quot;,&quot;selenium&quot;],[&quot;case2&quot;,&quot;unittest&quot;],[&quot;case3&quot;,&quot;parameterized&quot;])&#10;      @unpack&#10;      def test_baidu_search(self,browser,base_url,case,search_key):&#10;E       fixture 'case' not found&#10;&gt;       available fixtures: base_url, browser, browser_close, cache, capfd, capfdbinary, caplog, capsys, capsysbinary, doctest_namespace, extra, metadata, monkeypatch, pytestconfig, record_property, record_testsuite_property, record_xml_attribute, recwarn, tmp_path, tmp_path_factory, tmpdir, tmpdir_factory&#10;&gt;       use 'pytest --fixtures [testpath]' for help on them.&#10;&#10;D:\pyautoTest\pyautoTest\test_dir\test_baidu.py:13&quot;">file D:\pyautoTest\pyautoTest\test_dir\test_baidu.py, line 13
      @data(["case1","selenium"],["case2","unittest"],["case3","parameterized"])
      @unpack
      def test_baidu_search(self,browser,base_url,case,search_key):
E       fixture 'case' not found
&gt;       available fixtures: base_url, browser, browser_close, cache, capfd, capfdbinary, caplog, capsys, capsysbinary, doctest_namespace, extra, metadata, monkeypatch, pytestconfig, record_property, record_testsuite_property, record_xml_attribute, recwarn, tmp_path, tmp_path_factory, tmpdir, tmpdir_factory
&gt;       use 'pytest --fixtures [testpath]' for help on them.

D:\pyautoTest\pyautoTest\test_dir\test_baidu.py:13</error></testcase><testcase classname="test_dir.test_baidu.TestSearch" name="test_baidu_search_2___case2____unittest__" time="0.000"><error message="failed on setup with &quot;file D:\pyautoTest\pyautoTest\test_dir\test_baidu.py, line 13&#10;      @data([&quot;case1&quot;,&quot;selenium&quot;],[&quot;case2&quot;,&quot;unittest&quot;],[&quot;case3&quot;,&quot;parameterized&quot;])&#10;      @unpack&#10;      def test_baidu_search(self,browser,base_url,case,search_key):&#10;E       fixture 'case' not found&#10;&gt;       available fixtures: base_url, browser, browser_close, cache, capfd, capfdbinary, caplog, capsys, capsysbinary, doctest_namespace, extra, metadata, monkeypatch, pytestconfig, record_property, record_testsuite_property, record_xml_attribute, recwarn, tmp_path, tmp_path_factory, tmpdir, tmpdir_factory&#10;&gt;       use 'pytest --fixtures [testpath]' for help on them.&#10;&#10;D:\pyautoTest\pyautoTest\test_dir\test_baidu.py:13&quot;">file D:\pyautoTest\pyautoTest\test_dir\test_baidu.py, line 13
      @data(["case1","selenium"],["case2","unittest"],["case3","parameterized"])
      @unpack
      def test_baidu_search(self,browser,base_url,case,search_key):
E       fixture 'case' not found
&gt;       available fixtures: base_url, browser, browser_close, cache, capfd, capfdbinary, caplog, capsys, capsysbinary, doctest_namespace, extra, metadata, monkeypatch, pytestconfig, record_property, record_testsuite_property, record_xml_attribute, recwarn, tmp_path, tmp_path_factory, tmpdir, tmpdir_factory
&gt;       use 'pytest --fixtures [testpath]' for help on them.

D:\pyautoTest\pyautoTest\test_dir\test_baidu.py:13</error></testcase><testcase classname="test_dir.test_baidu.TestSearch" name="test_baidu_search_3___case3____parameterized__" time="0.779"><error message="failed on setup with &quot;file D:\pyautoTest\pyautoTest\test_dir\test_baidu.py, line 13&#10;      @data([&quot;case1&quot;,&quot;selenium&quot;],[&quot;case2&quot;,&quot;unittest&quot;],[&quot;case3&quot;,&quot;parameterized&quot;])&#10;      @unpack&#10;      def test_baidu_search(self,browser,base_url,case,search_key):&#10;E       fixture 'case' not found&#10;&gt;       available fixtures: base_url, browser, browser_close, cache, capfd, capfdbinary, caplog, capsys, capsysbinary, doctest_namespace, extra, metadata, monkeypatch, pytestconfig, record_property, record_testsuite_property, record_xml_attribute, recwarn, tmp_path, tmp_path_factory, tmpdir, tmpdir_factory&#10;&gt;       use 'pytest --fixtures [testpath]' for help on them.&#10;&#10;D:\pyautoTest\pyautoTest\test_dir\test_baidu.py:13&quot;">file D:\pyautoTest\pyautoTest\test_dir\test_baidu.py, line 13
      @data(["case1","selenium"],["case2","unittest"],["case3","parameterized"])
      @unpack
      def test_baidu_search(self,browser,base_url,case,search_key):
E       fixture 'case' not found
&gt;       available fixtures: base_url, browser, browser_close, cache, capfd, capfdbinary, caplog, capsys, capsysbinary, doctest_namespace, extra, metadata, monkeypatch, pytestconfig, record_property, record_testsuite_property, record_xml_attribute, recwarn, tmp_path, tmp_path_factory, tmpdir, tmpdir_factory
&gt;       use 'pytest --fixtures [testpath]' for help on them.

D:\pyautoTest\pyautoTest\test_dir\test_baidu.py:13</error></testcase></testsuite></testsuites>